training neural network...

iterations: 0, training error: 0.09749448972530066
training neural network...

iterations: 0, training error: 0.08676666570070171
iterations: 1, training error: 0.04991780942599
iterations: 2, training error: 0.05082190208842554
iterations: 3, training error: 0.046690231359909934
iterations: 4, training error: 0.04678872422703752
iterations: 5, training error: 0.050196224227718196
iterations: 6, training error: 0.044372421575969594
iterations: 7, training error: 0.048279325339723934
iterations: 8, training error: 0.0440687452350423
iterations: 9, training error: 0.0426777732493117
iterations: 10, training error: 0.042166267285987324
iterations: 11, training error: 0.04274284925149343
iterations: 12, training error: 0.043759521084613125
iterations: 13, training error: 0.04066314827705027
iterations: 14, training error: 0.04127526817617738
iterations: 15, training error: 0.038131604125918955
iterations: 16, training error: 0.039214927317218144
iterations: 17, training error: 0.03861314650601658
iterations: 18, training error: 0.03564436413626073
iterations: 19, training error: 0.03358858409901757
iterations: 20, training error: 0.032922616564055464
iterations: 21, training error: 0.033311508789921236
iterations: 22, training error: 0.03216763867527732
iterations: 23, training error: 0.031905040861023554
iterations: 24, training error: 0.032372388546781525
iterations: 25, training error: 0.031194829468399726
iterations: 26, training error: 0.03143156225653647
iterations: 27, training error: 0.030971941837970546
iterations: 28, training error: 0.030604645093848717
iterations: 29, training error: 0.030348289099104135
iterations: 30, training error: 0.030838209722526586
iterations: 31, training error: 0.03138774616100299
iterations: 32, training error: 0.030783018446494944
iterations: 33, training error: 0.03062172612875108
iterations: 34, training error: 0.03606188191888377
iterations: 35, training error: 0.05184499295742131
iterations: 36, training error: 0.03931495143196909
iterations: 37, training error: 0.03525622987524008
iterations: 38, training error: 0.03506982990974077
iterations: 39, training error: 0.04223780879896962
iterations: 40, training error: 0.04839595334013097
iterations: 41, training error: 0.03860574068827806
iterations: 42, training error: 0.03634081747641772
iterations: 43, training error: 0.03410773893377262
iterations: 44, training error: 0.03615740187029237
iterations: 45, training error: 0.03781358196299
iterations: 46, training error: 0.04057326854711863
iterations: 47, training error: 0.03496347590748211
iterations: 48, training error: 0.03535994853806493
iterations: 49, training error: 0.036841262189393875
iterations: 50, training error: 0.03330398161757673
iterations: 51, training error: 0.03316315740746071
iterations: 52, training error: 0.03274369810926121
iterations: 53, training error: 0.03231958699225908
iterations: 54, training error: 0.032397623126508374
iterations: 55, training error: 0.031493820715257165
iterations: 56, training error: 0.03907309299384698
iterations: 57, training error: 0.035259076833103704
iterations: 58, training error: 0.03448981378072533
iterations: 59, training error: 0.032531819960920756
iterations: 60, training error: 0.031709801035813494
iterations: 61, training error: 0.032442776605418985
iterations: 62, training error: 0.03169996076047171
iterations: 63, training error: 0.031205179075255645
iterations: 64, training error: 0.031542364781530594
iterations: 65, training error: 0.031273282781148444
iterations: 66, training error: 0.03054045982931829
iterations: 67, training error: 0.030329733953842166
iterations: 68, training error: 0.03011468833841709
iterations: 69, training error: 0.030074902700222558
iterations: 70, training error: 0.03000941111982727
iterations: 71, training error: 0.029948261114241162
iterations: 72, training error: 0.02971345693494864
iterations: 73, training error: 0.029463929580252096
iterations: 74, training error: 0.029274212189435097
iterations: 75, training error: 0.029529390458038655
iterations: 76, training error: 0.02907201049597599
iterations: 77, training error: 0.029489558215594062
iterations: 78, training error: 0.02892639289532969
iterations: 79, training error: 0.02904148792104062
iterations: 80, training error: 0.029565931275427292
iterations: 81, training error: 0.028812083798151457
iterations: 82, training error: 0.0291940162273144
iterations: 83, training error: 0.02906449678884786
iterations: 84, training error: 0.02928213524032352
iterations: 85, training error: 0.028842421253477534
iterations: 86, training error: 0.05611032152510536
iterations: 87, training error: 0.04849811599776017
iterations: 88, training error: 0.056901461752710575
iterations: 89, training error: 0.04949622052340572
iterations: 90, training error: 0.04619908813900135
iterations: 91, training error: 0.04040190317507107
iterations: 92, training error: 0.03849545111117933
iterations: 93, training error: 0.04005619674025471
iterations: 94, training error: 0.04461365517079785
iterations: 95, training error: 0.03992663846777249
iterations: 96, training error: 0.04023921165993464
iterations: 97, training error: 0.037187470297560164
iterations: 98, training error: 0.05567997744123738
iterations: 99, training error: 0.05500717689587561
iterations: 100, training error: 0.044931777215014505
iterations: 101, training error: 0.04227361516327641
iterations: 102, training error: 0.0420529069077317
iterations: 103, training error: 0.03812675387305063
iterations: 104, training error: 0.037819749906102304
iterations: 105, training error: 0.0357780520771074
iterations: 106, training error: 0.05497169742011827
iterations: 107, training error: 0.06549388510265775
iterations: 108, training error: 0.05182504313078882
iterations: 109, training error: 0.05890197819128598
iterations: 110, training error: 0.049819036304665304
iterations: 111, training error: 0.04684792799487101
iterations: 112, training error: 0.04165353307539066
iterations: 113, training error: 0.03900310537757304
iterations: 114, training error: 0.03713023722129336
iterations: 115, training error: 0.03627936810541375
iterations: 116, training error: 0.03632328337117251
iterations: 117, training error: 0.03572698125277828
iterations: 118, training error: 0.035413285189389486
iterations: 119, training error: 0.050480226400222344
iterations: 120, training error: 0.045252305103638694
iterations: 121, training error: 0.039174387207769716
iterations: 122, training error: 0.037303343012677785
iterations: 123, training error: 0.035551443805250764
iterations: 124, training error: 0.0356411414001796
iterations: 125, training error: 0.0360427755503711
iterations: 126, training error: 0.03558892419819389
iterations: 127, training error: 0.03536216916884487
iterations: 128, training error: 0.03370562933753426
iterations: 129, training error: 0.03376488303577921
iterations: 130, training error: 0.03265544390568327
iterations: 131, training error: 0.03227523701894211
iterations: 132, training error: 0.03278314930546583
iterations: 133, training error: 0.032027796339445365
iterations: 134, training error: 0.03167239324596065
iterations: 135, training error: 0.03148727639630079
iterations: 136, training error: 0.03123071677125064
iterations: 137, training error: 0.031133483597953825
iterations: 138, training error: 0.031087597508776724
iterations: 139, training error: 0.033286534039586445
iterations: 140, training error: 0.039457609532718325
iterations: 141, training error: 0.034089911278271885
iterations: 142, training error: 0.03215226820132746
iterations: 143, training error: 0.03166669308659996
iterations: 144, training error: 0.033156313770745315
iterations: 145, training error: 0.1284719261867534
iterations: 146, training error: 0.17054210556297889
iterations: 147, training error: 0.07601428532549433
iterations: 148, training error: 0.06456975162508545
iterations: 149, training error: 0.06865092387319754
iterations: 150, training error: 0.06899204212471964
iterations: 151, training error: 0.06138502268678278
iterations: 152, training error: 0.0708593605996834
iterations: 153, training error: 0.08140996465887106
iterations: 154, training error: 0.07482658164755392
iterations: 155, training error: 0.058745747056765656
iterations: 156, training error: 0.05126900496021724
iterations: 157, training error: 0.04516872279239868
iterations: 158, training error: 0.043481862555128786
iterations: 159, training error: 0.045528981164773594
iterations: 160, training error: 0.04209373379383772
iterations: 161, training error: 0.03956951609095836
iterations: 162, training error: 0.037863387380687334
iterations: 163, training error: 0.03650034431014854
iterations: 164, training error: 0.03627291154952969
iterations: 165, training error: 0.03786384551391275
iterations: 166, training error: 0.03606168651866498
iterations: 167, training error: 0.034921116136478685
iterations: 168, training error: 0.03441442199830174
iterations: 169, training error: 0.03476266696151824
iterations: 170, training error: 0.03341498431697097
iterations: 171, training error: 0.03343309363675979
iterations: 172, training error: 0.033420421974615686
iterations: 173, training error: 0.03292731051702114
iterations: 174, training error: 0.035765895354573744
iterations: 175, training error: 0.03450384170162793
iterations: 176, training error: 0.03481762516124075
iterations: 177, training error: 0.03429939276965792
iterations: 178, training error: 0.03344059135649185
iterations: 179, training error: 0.036066917521368626
iterations: 180, training error: 0.033154127346492174
iterations: 181, training error: 0.0328459183938169
iterations: 182, training error: 0.03274803341198976
iterations: 183, training error: 0.03232315991455174
iterations: 184, training error: 0.031957780306105396
iterations: 185, training error: 0.03218652819760597
iterations: 186, training error: 0.03161268814052044
iterations: 187, training error: 0.03126284660474996
iterations: 188, training error: 0.031997206754792916
iterations: 189, training error: 0.031064923901337534
iterations: 190, training error: 0.030876950148085353
iterations: 191, training error: 0.030663872773975333
iterations: 192, training error: 0.031040431319876386
iterations: 193, training error: 0.030799507410103726
iterations: 194, training error: 0.03100244346815346
iterations: 195, training error: 0.030707284488902063
iterations: 196, training error: 0.034924452153751194
iterations: 197, training error: 0.03162406663855719
iterations: 198, training error: 0.07733147083231927
iterations: 199, training error: 0.06503825653551766
saving neural network to file...


Training Complete
training time: 39:52.060 (m:ss.mmm)


training neural network...

iterations: 0, training error: 0.09027472603113355
iterations: 1, training error: 0.0563611642324145
iterations: 2, training error: 0.05290655234694999
iterations: 3, training error: 0.053855327370467436
iterations: 4, training error: 0.04575349443732277
iterations: 5, training error: 0.04210962096084445
iterations: 6, training error: 0.0428196892238
iterations: 7, training error: 0.05349888113732446
iterations: 8, training error: 0.04556772590521872
iterations: 9, training error: 0.04827414894745049
iterations: 10, training error: 0.046537467016282315
iterations: 11, training error: 0.04712906212704666
iterations: 12, training error: 0.04288834459353152
iterations: 13, training error: 0.04040147229773037
iterations: 14, training error: 0.03803115855258515
iterations: 15, training error: 0.03825862025778435
iterations: 16, training error: 0.041649932406413376
iterations: 17, training error: 0.038931187593277336
iterations: 18, training error: 0.0378007457433678
iterations: 19, training error: 0.036875680639343274
iterations: 20, training error: 0.035712767405352064
iterations: 21, training error: 0.03562362897616823
iterations: 22, training error: 0.03527399358014711
iterations: 23, training error: 0.03719241800662382
iterations: 24, training error: 0.0388934691745085
iterations: 25, training error: 0.0358132470986703
iterations: 26, training error: 0.0344719595629954
iterations: 27, training error: 0.03342441799138879
iterations: 28, training error: 0.034912816732825036
iterations: 29, training error: 0.034369127288832624
iterations: 30, training error: 0.034913209648611825
iterations: 31, training error: 0.03376447930551847
iterations: 32, training error: 0.03563222590742162
iterations: 33, training error: 0.03544660662064845
iterations: 34, training error: 0.03491218336087031
iterations: 35, training error: 0.03500781337117973
iterations: 36, training error: 0.035363568437587485
iterations: 37, training error: 0.03398079805263332
iterations: 38, training error: 0.03379032045671893
iterations: 39, training error: 0.033303002189808424
iterations: 40, training error: 0.032781627927203724
iterations: 41, training error: 0.03612409167960608
iterations: 42, training error: 0.03533217513869956
iterations: 43, training error: 0.03511891510930331
iterations: 44, training error: 0.03328097528356451
iterations: 45, training error: 0.03289525867453806
iterations: 46, training error: 0.03257589769509283
iterations: 47, training error: 0.03189838393904263
iterations: 48, training error: 0.03675681176382083
iterations: 49, training error: 0.0338583802251911
iterations: 50, training error: 0.03305712643651763
iterations: 51, training error: 0.034049779603651485
iterations: 52, training error: 0.03263106233575917
iterations: 53, training error: 0.03248732167731959
iterations: 54, training error: 0.03161560756000206
iterations: 55, training error: 0.030703481201069794
iterations: 56, training error: 0.03059682003759862
iterations: 57, training error: 0.031370866703220014
iterations: 58, training error: 0.030497516065272987
iterations: 59, training error: 0.030782488318386383
iterations: 60, training error: 0.03416733753704189
iterations: 61, training error: 0.033814553877732745
iterations: 62, training error: 0.03333215910381966
iterations: 63, training error: 0.032620461729667774
iterations: 64, training error: 0.03235213259403008
iterations: 65, training error: 0.037895236540641954
iterations: 66, training error: 0.03407268475050502
iterations: 67, training error: 0.03317270463004817
iterations: 68, training error: 0.03294189982770552
iterations: 69, training error: 0.03226602192924007
iterations: 70, training error: 0.031756897969232985
iterations: 71, training error: 0.031552566484099126
iterations: 72, training error: 0.03104805169710865
iterations: 73, training error: 0.03329092502426509
iterations: 74, training error: 0.03285552591084548
iterations: 75, training error: 0.0313477094298168
iterations: 76, training error: 0.031074358555174188
iterations: 77, training error: 0.033189987739538185
iterations: 78, training error: 0.03146910797502825
iterations: 79, training error: 0.030630954849975685
iterations: 80, training error: 0.0297923816045611
iterations: 81, training error: 0.029698733671175308
iterations: 82, training error: 0.02943594460164971
iterations: 83, training error: 0.03008340183110731
iterations: 84, training error: 0.02966722322325501
iterations: 85, training error: 0.029850337559056153
iterations: 86, training error: 0.029431433341981724
iterations: 87, training error: 0.029408179957772385
iterations: 88, training error: 0.029607636276602196
iterations: 89, training error: 0.02975083879190733
iterations: 90, training error: 0.029405068483315942
iterations: 91, training error: 0.02946779641131526
iterations: 92, training error: 0.029460424090329753
iterations: 93, training error: 0.030005060265611033
iterations: 94, training error: 0.03074553730946653
iterations: 95, training error: 0.03012651252316274
iterations: 96, training error: 0.031059659084160793
iterations: 97, training error: 0.02983099082218142
iterations: 98, training error: 0.030177762650494558
iterations: 99, training error: 0.02959960731114392
iterations: 100, training error: 0.029619757420021472
iterations: 101, training error: 0.029888585702110556
iterations: 102, training error: 0.029283958771877214
iterations: 103, training error: 0.02956665174987981
iterations: 104, training error: 0.029598369639572783
iterations: 105, training error: 0.03095822469733834
iterations: 106, training error: 0.06995051686010707
iterations: 107, training error: 0.037828019589817984
iterations: 108, training error: 0.043859637964732946
iterations: 109, training error: 0.03921595279274727
iterations: 110, training error: 0.039089799889097054
iterations: 111, training error: 0.03601226251170179
iterations: 112, training error: 0.033725357167363655
iterations: 113, training error: 0.032525202424100355
iterations: 114, training error: 0.03211121980302024
iterations: 115, training error: 0.03437366249308959
iterations: 116, training error: 0.04729860880425306
iterations: 117, training error: 0.05230338229962384
iterations: 118, training error: 0.041914063526210604
iterations: 119, training error: 0.03904768162525058
iterations: 120, training error: 0.04264635095325464
iterations: 121, training error: 0.04067427517445336
iterations: 122, training error: 0.04325876932933949
iterations: 123, training error: 0.03940865267689738
iterations: 124, training error: 0.038274331842043735
iterations: 125, training error: 0.03658814122819465
iterations: 126, training error: 0.035684641407102424
iterations: 127, training error: 0.03500397769670703
iterations: 128, training error: 0.03447710769988211
iterations: 129, training error: 0.03355353700023479
iterations: 130, training error: 0.032734223788241985
iterations: 131, training error: 0.03297804560936004
iterations: 132, training error: 0.034991670723896924
iterations: 133, training error: 0.034063453572068636
iterations: 134, training error: 0.031967321127311515
iterations: 135, training error: 0.03155012284153145
iterations: 136, training error: 0.03300195222844471
iterations: 137, training error: 0.0326036860245179
iterations: 138, training error: 0.03173512596008933
iterations: 139, training error: 0.031265688583333257
iterations: 140, training error: 0.030985467780297447
iterations: 141, training error: 0.03446933578186092
iterations: 142, training error: 0.03191257803693349
iterations: 143, training error: 0.03207301086823198
iterations: 144, training error: 0.02993973831503321
iterations: 145, training error: 0.030462125910810215
iterations: 146, training error: 0.030448736816469354
iterations: 147, training error: 0.030649158592060802
iterations: 148, training error: 0.030159864782642636
iterations: 149, training error: 0.029779666579904857
iterations: 150, training error: 0.03296086517892901
iterations: 151, training error: 0.03086854423246006
iterations: 152, training error: 0.09734047092095033
iterations: 153, training error: 0.04844741538517889
iterations: 154, training error: 0.04503226155707708
iterations: 155, training error: 0.04260984320173357
iterations: 156, training error: 0.040240654354130205
iterations: 157, training error: 0.044370925808560356
iterations: 158, training error: 0.04241705824527597
iterations: 159, training error: 0.057678515971124215
iterations: 160, training error: 0.038584981680192525
iterations: 161, training error: 0.03921194909832948
iterations: 162, training error: 0.041117801536107224
iterations: 163, training error: 0.03955987216494435
iterations: 164, training error: 16.84603488361546
iterations: 165, training error: 0.038692911290648786
iterations: 166, training error: 0.035998857401424375
iterations: 167, training error: 0.035495051860242134
iterations: 168, training error: 0.03446524079958969
iterations: 169, training error: 0.035702605963747525
iterations: 170, training error: 0.03461001572125585
iterations: 171, training error: 0.03365504861842424
iterations: 172, training error: 0.03292875831146844
iterations: 173, training error: 0.27261133885802713
iterations: 174, training error: 0.06377542115362572
iterations: 175, training error: 0.03778003647584018
iterations: 176, training error: 0.033942876170415644
iterations: 177, training error: 0.0369693282589489
iterations: 178, training error: 0.03552901321075445
iterations: 179, training error: 0.034899692469733276
iterations: 180, training error: 0.03547323008194828
iterations: 181, training error: 0.03439844645582044
iterations: 182, training error: 0.03511099766458815
iterations: 183, training error: 0.03151352883151733
iterations: 184, training error: 0.0316173816211844
iterations: 185, training error: 0.03117706364550755
iterations: 186, training error: 0.03155730237106519
iterations: 187, training error: 0.03112886772515826
iterations: 188, training error: 0.030936422710832034
iterations: 189, training error: 0.030898437481221362
iterations: 190, training error: 0.030798863825184992
iterations: 191, training error: 0.03087056695123002
iterations: 192, training error: 0.030689415980350684
iterations: 193, training error: 0.030299383399763985
iterations: 194, training error: 0.030949647599834807
iterations: 195, training error: 0.03147406167644261
iterations: 196, training error: 0.032504908938783786
iterations: 197, training error: 0.032442651155176465
iterations: 198, training error: 0.031573578630259405
iterations: 199, training error: 0.032645392070504015
saving neural network to file...


Training Complete
training time: 40:05.293 (m:ss.mmm)


training neural network...

iterations: 0, training error: 0.1312446804423077
iterations: 1, training error: 0.06838170639844096
iterations: 2, training error: 0.059430251752609776
iterations: 3, training error: 0.06369572209009186
TypeError: Cannot read properties of undefined (reading 'startsWith')
    at connectionStringHasValidScheme (C:\.Code\dismegle-ai\filter-logs\node_modules\mongodb-connection-string-url\lib\index.js:9:30)
    at new ConnectionString (C:\.Code\dismegle-ai\filter-logs\node_modules\mongodb-connection-string-url\lib\index.js:85:34)
    at parseOptions (C:\.Code\dismegle-ai\filter-logs\node_modules\mongodb\lib\connection_string.js:204:17)
    at new MongoClient (C:\.Code\dismegle-ai\filter-logs\node_modules\mongodb\lib\mongo_client.js:46:63)
    at connectDb (C:\.Code\dismegle-ai\filter-logs\utils\mongo.js:12:25)
    at Object.<anonymous> (C:\.Code\dismegle-ai\filter-logs\train.js:11:12)
    at Module._compile (node:internal/modules/cjs/loader:1101:14)
    at Object.Module._extensions..js (node:internal/modules/cjs/loader:1153:10)
    at Module.load (node:internal/modules/cjs/loader:981:32)
    at Function.Module._load (node:internal/modules/cjs/loader:822:12)
error TypeError: Cannot read properties of undefined (reading 'collection')
    at Object.<anonymous> (C:\.Code\dismegle-ai\filter-logs\train.js:19:4)
    at Module._compile (node:internal/modules/cjs/loader:1101:14)
    at Object.Module._extensions..js (node:internal/modules/cjs/loader:1153:10)
    at Module.load (node:internal/modules/cjs/loader:981:32)
    at Function.Module._load (node:internal/modules/cjs/loader:822:12)
    at Object.<anonymous> (C:\Users\kyled\AppData\Roaming\nvm\v16.9.0\node_modules\pm2\lib\ProcessContainerFork.js:33:23)
    at Module._compile (node:internal/modules/cjs/loader:1101:14)
    at Object.Module._extensions..js (node:internal/modules/cjs/loader:1153:10)
    at Module.load (node:internal/modules/cjs/loader:981:32)
    at Function.Module._load (node:internal/modules/cjs/loader:822:12)
TypeError: Cannot read properties of undefined (reading 'startsWith')
    at connectionStringHasValidScheme (C:\.Code\dismegle-ai\filter-logs\node_modules\mongodb-connection-string-url\lib\index.js:9:30)
    at new ConnectionString (C:\.Code\dismegle-ai\filter-logs\node_modules\mongodb-connection-string-url\lib\index.js:85:34)
    at parseOptions (C:\.Code\dismegle-ai\filter-logs\node_modules\mongodb\lib\connection_string.js:204:17)
    at new MongoClient (C:\.Code\dismegle-ai\filter-logs\node_modules\mongodb\lib\mongo_client.js:46:63)
    at connectDb (C:\.Code\dismegle-ai\filter-logs\utils\mongo.js:12:25)
    at Object.<anonymous> (C:\.Code\dismegle-ai\filter-logs\train.js:11:12)
    at Module._compile (node:internal/modules/cjs/loader:1101:14)
    at Object.Module._extensions..js (node:internal/modules/cjs/loader:1153:10)
    at Module.load (node:internal/modules/cjs/loader:981:32)
    at Function.Module._load (node:internal/modules/cjs/loader:822:12)
error TypeError: Cannot read properties of undefined (reading 'collection')
    at Object.<anonymous> (C:\.Code\dismegle-ai\filter-logs\train.js:19:4)
    at Module._compile (node:internal/modules/cjs/loader:1101:14)
    at Object.Module._extensions..js (node:internal/modules/cjs/loader:1153:10)
    at Module.load (node:internal/modules/cjs/loader:981:32)
    at Function.Module._load (node:internal/modules/cjs/loader:822:12)
    at Object.<anonymous> (C:\Users\kyled\AppData\Roaming\nvm\v16.9.0\node_modules\pm2\lib\ProcessContainerFork.js:33:23)
    at Module._compile (node:internal/modules/cjs/loader:1101:14)
    at Object.Module._extensions..js (node:internal/modules/cjs/loader:1153:10)
    at Module.load (node:internal/modules/cjs/loader:981:32)
    at Function.Module._load (node:internal/modules/cjs/loader:822:12)
TypeError: Cannot read properties of undefined (reading 'startsWith')
    at connectionStringHasValidScheme (C:\.Code\dismegle-ai\filter-logs\node_modules\mongodb-connection-string-url\lib\index.js:9:30)
    at new ConnectionString (C:\.Code\dismegle-ai\filter-logs\node_modules\mongodb-connection-string-url\lib\index.js:85:34)
    at parseOptions (C:\.Code\dismegle-ai\filter-logs\node_modules\mongodb\lib\connection_string.js:204:17)
    at new MongoClient (C:\.Code\dismegle-ai\filter-logs\node_modules\mongodb\lib\mongo_client.js:46:63)
    at connectDb (C:\.Code\dismegle-ai\filter-logs\utils\mongo.js:12:25)
    at Object.<anonymous> (C:\.Code\dismegle-ai\filter-logs\train.js:11:12)
    at Module._compile (node:internal/modules/cjs/loader:1101:14)
    at Object.Module._extensions..js (node:internal/modules/cjs/loader:1153:10)
    at Module.load (node:internal/modules/cjs/loader:981:32)
    at Function.Module._load (node:internal/modules/cjs/loader:822:12)
error TypeError: Cannot read properties of undefined (reading 'collection')
    at Object.<anonymous> (C:\.Code\dismegle-ai\filter-logs\train.js:19:4)
    at Module._compile (node:internal/modules/cjs/loader:1101:14)
    at Object.Module._extensions..js (node:internal/modules/cjs/loader:1153:10)
    at Module.load (node:internal/modules/cjs/loader:981:32)
    at Function.Module._load (node:internal/modules/cjs/loader:822:12)
    at Object.<anonymous> (C:\Users\kyled\AppData\Roaming\nvm\v16.9.0\node_modules\pm2\lib\ProcessContainerFork.js:33:23)
    at Module._compile (node:internal/modules/cjs/loader:1101:14)
    at Object.Module._extensions..js (node:internal/modules/cjs/loader:1153:10)
    at Module.load (node:internal/modules/cjs/loader:981:32)
    at Function.Module._load (node:internal/modules/cjs/loader:822:12)
TypeError: Cannot read properties of undefined (reading 'startsWith')
    at connectionStringHasValidScheme (C:\.Code\dismegle-ai\filter-logs\node_modules\mongodb-connection-string-url\lib\index.js:9:30)
    at new ConnectionString (C:\.Code\dismegle-ai\filter-logs\node_modules\mongodb-connection-string-url\lib\index.js:85:34)
    at parseOptions (C:\.Code\dismegle-ai\filter-logs\node_modules\mongodb\lib\connection_string.js:204:17)
    at new MongoClient (C:\.Code\dismegle-ai\filter-logs\node_modules\mongodb\lib\mongo_client.js:46:63)
    at connectDb (C:\.Code\dismegle-ai\filter-logs\utils\mongo.js:12:25)
    at Object.<anonymous> (C:\.Code\dismegle-ai\filter-logs\train.js:11:12)
    at Module._compile (node:internal/modules/cjs/loader:1101:14)
    at Object.Module._extensions..js (node:internal/modules/cjs/loader:1153:10)
    at Module.load (node:internal/modules/cjs/loader:981:32)
    at Function.Module._load (node:internal/modules/cjs/loader:822:12)
error TypeError: Cannot read properties of undefined (reading 'collection')
    at Object.<anonymous> (C:\.Code\dismegle-ai\filter-logs\train.js:19:4)
    at Module._compile (node:internal/modules/cjs/loader:1101:14)
    at Object.Module._extensions..js (node:internal/modules/cjs/loader:1153:10)
    at Module.load (node:internal/modules/cjs/loader:981:32)
    at Function.Module._load (node:internal/modules/cjs/loader:822:12)
    at Object.<anonymous> (C:\Users\kyled\AppData\Roaming\nvm\v16.9.0\node_modules\pm2\lib\ProcessContainerFork.js:33:23)
    at Module._compile (node:internal/modules/cjs/loader:1101:14)
    at Object.Module._extensions..js (node:internal/modules/cjs/loader:1153:10)
    at Module.load (node:internal/modules/cjs/loader:981:32)
    at Function.Module._load (node:internal/modules/cjs/loader:822:12)
TypeError: Cannot read properties of undefined (reading 'startsWith')
    at connectionStringHasValidScheme (C:\.Code\dismegle-ai\filter-logs\node_modules\mongodb-connection-string-url\lib\index.js:9:30)
    at new ConnectionString (C:\.Code\dismegle-ai\filter-logs\node_modules\mongodb-connection-string-url\lib\index.js:85:34)
    at parseOptions (C:\.Code\dismegle-ai\filter-logs\node_modules\mongodb\lib\connection_string.js:204:17)
    at new MongoClient (C:\.Code\dismegle-ai\filter-logs\node_modules\mongodb\lib\mongo_client.js:46:63)
    at connectDb (C:\.Code\dismegle-ai\filter-logs\utils\mongo.js:12:25)
    at Object.<anonymous> (C:\.Code\dismegle-ai\filter-logs\train.js:11:12)
    at Module._compile (node:internal/modules/cjs/loader:1101:14)
    at Object.Module._extensions..js (node:internal/modules/cjs/loader:1153:10)
    at Module.load (node:internal/modules/cjs/loader:981:32)
    at Function.Module._load (node:internal/modules/cjs/loader:822:12)
error TypeError: Cannot read properties of undefined (reading 'collection')
    at Object.<anonymous> (C:\.Code\dismegle-ai\filter-logs\train.js:19:4)
    at Module._compile (node:internal/modules/cjs/loader:1101:14)
    at Object.Module._extensions..js (node:internal/modules/cjs/loader:1153:10)
    at Module.load (node:internal/modules/cjs/loader:981:32)
    at Function.Module._load (node:internal/modules/cjs/loader:822:12)
    at Object.<anonymous> (C:\Users\kyled\AppData\Roaming\nvm\v16.9.0\node_modules\pm2\lib\ProcessContainerFork.js:33:23)
    at Module._compile (node:internal/modules/cjs/loader:1101:14)
    at Object.Module._extensions..js (node:internal/modules/cjs/loader:1153:10)
    at Module.load (node:internal/modules/cjs/loader:981:32)
    at Function.Module._load (node:internal/modules/cjs/loader:822:12)
TypeError: Cannot read properties of undefined (reading 'startsWith')
    at connectionStringHasValidScheme (C:\.Code\dismegle-ai\filter-logs\node_modules\mongodb-connection-string-url\lib\index.js:9:30)
    at new ConnectionString (C:\.Code\dismegle-ai\filter-logs\node_modules\mongodb-connection-string-url\lib\index.js:85:34)
    at parseOptions (C:\.Code\dismegle-ai\filter-logs\node_modules\mongodb\lib\connection_string.js:204:17)
    at new MongoClient (C:\.Code\dismegle-ai\filter-logs\node_modules\mongodb\lib\mongo_client.js:46:63)
    at connectDb (C:\.Code\dismegle-ai\filter-logs\utils\mongo.js:12:25)
    at Object.<anonymous> (C:\.Code\dismegle-ai\filter-logs\train.js:11:12)
    at Module._compile (node:internal/modules/cjs/loader:1101:14)
    at Object.Module._extensions..js (node:internal/modules/cjs/loader:1153:10)
    at Module.load (node:internal/modules/cjs/loader:981:32)
    at Function.Module._load (node:internal/modules/cjs/loader:822:12)
error TypeError: Cannot read properties of undefined (reading 'collection')
    at Object.<anonymous> (C:\.Code\dismegle-ai\filter-logs\train.js:19:4)
    at Module._compile (node:internal/modules/cjs/loader:1101:14)
    at Object.Module._extensions..js (node:internal/modules/cjs/loader:1153:10)
    at Module.load (node:internal/modules/cjs/loader:981:32)
    at Function.Module._load (node:internal/modules/cjs/loader:822:12)
    at Object.<anonymous> (C:\Users\kyled\AppData\Roaming\nvm\v16.9.0\node_modules\pm2\lib\ProcessContainerFork.js:33:23)
    at Module._compile (node:internal/modules/cjs/loader:1101:14)
    at Object.Module._extensions..js (node:internal/modules/cjs/loader:1153:10)
    at Module.load (node:internal/modules/cjs/loader:981:32)
    at Function.Module._load (node:internal/modules/cjs/loader:822:12)
{"level":"info","message":"data points: 2533","meta":{"date":"2023-3-22","time":"14:33:28"}}
{"level":"info","message":"chunks: 0","meta":{"date":"2023-3-22","time":"14:33:28"}}
{"level":"info","message":"training neural network...","meta":{"date":"2023-3-22","time":"14:33:33"}}
{"level":"info","message":"saving neural network to file...","meta":{"date":"2023-3-22","time":"14:33:33"}}
{"level":"info","message":"data points: 2533","meta":{"date":"2023-3-22","time":"14:34:41"}}
{"level":"info","message":"training neural network...","meta":{"date":"2023-3-22","time":"14:34:46"}}
{"level":"info","message":"chunk train time: undefined","meta":{"date":"2023-3-22","time":"16:56:19"}}
{"level":"info","message":"saving neural network to file...","meta":{"date":"2023-3-22","time":"16:56:19"}}
Connected to MongoDB
data points: 2043
{"level":"info","message":"data points: 2043","meta":{"date":"2023-3-22","time":"21:39:10"}}
{"level":"info","message":"training neural network...","meta":{"date":"2023-3-22","time":"21:39:15"}}
training neural network...

{"level":"info","message":"data points: 2043","meta":{"date":"2023-3-22","time":"21:39:27"}}
{"level":"info","message":"training neural network...","meta":{"date":"2023-3-22","time":"21:39:32"}}
{"level":"info","message":"chunk train time: undefined","meta":{"date":"2023-3-23","time":"0:9:18"}}
{"level":"info","message":"saving neural network to file...","meta":{"date":"2023-3-23","time":"0:9:18"}}
